[debug] [2025-09-13T02:24:35.062Z] ----------------------------------------------------------------------
[debug] [2025-09-13T02:24:35.064Z] Command:       /nix/store/ws50yvm6vzlzf7jzz6n7xh4szddrack1-nodejs-20.19.1/bin/node /nix/store/wma3rvxxva78rqvnpja82nx5b3mclpxg-firebase-tools-14.15.2/lib/node_modules/firebase-tools/lib/bin/firebase.js deploy
[debug] [2025-09-13T02:24:35.065Z] CLI Version:   14.15.2
[debug] [2025-09-13T02:24:35.065Z] Platform:      linux
[debug] [2025-09-13T02:24:35.065Z] Node Version:  v20.19.1
[debug] [2025-09-13T02:24:35.066Z] Time:          Sat Sep 13 2025 02:24:35 GMT+0000 (Coordinated Universal Time)
[debug] [2025-09-13T02:24:35.066Z] ----------------------------------------------------------------------
[debug] 
[debug] [2025-09-13T02:24:35.069Z] >>> [apiv2][query] GET https://firebase-public.firebaseio.com/cli.json [none]
[debug] [2025-09-13T02:24:35.503Z] Object "/apphosting" in "firebase.json" is missing required property: {"missingProperty":"backendId"}
[debug] [2025-09-13T02:24:35.504Z] Field "/apphosting" in "firebase.json" is possibly invalid: must be array
[debug] [2025-09-13T02:24:35.504Z] Field "/apphosting" in "firebase.json" is possibly invalid: must match a schema in anyOf
[debug] [2025-09-13T02:24:35.506Z] No OAuth tokens found
[debug] [2025-09-13T02:24:35.506Z] No OAuth tokens found
[error] Failed to fetch Firebase Project from current Studio Workspace: Unable to refresh auth: not yet authenticated.
[debug] [2025-09-13T02:24:35.513Z] > command requires scopes: ["email","openid","https://www.googleapis.com/auth/cloudplatformprojects.readonly","https://www.googleapis.com/auth/firebase","https://www.googleapis.com/auth/cloud-platform","https://www.googleapis.com/auth/userinfo.email"]
[debug] [2025-09-13T02:24:35.867Z] <<< [apiv2][status] GET https://firebase-public.firebaseio.com/cli.json 200
[debug] [2025-09-13T02:24:35.868Z] <<< [apiv2][body] GET https://firebase-public.firebaseio.com/cli.json {"cloudBuildErrorAfter":1594252800000,"cloudBuildWarnAfter":1590019200000,"defaultNode10After":1594252800000,"minVersion":"3.0.5","node8DeploysDisabledAfter":1613390400000,"node8RuntimeDisabledAfter":1615809600000,"node8WarnAfter":1600128000000}
[debug] [2025-09-13T02:24:45.532Z] Running auto auth
[debug] [2025-09-13T02:24:45.569Z] [iam] checking project studio-3475781269-791d7 for permissions ["datastore.indexes.create","datastore.indexes.delete","datastore.indexes.list","datastore.indexes.update","firebase.projects.get",null]
[debug] [2025-09-13T02:24:45.570Z] No OAuth tokens found
[debug] [2025-09-13T02:24:45.571Z] >>> [apiv2][query] POST https://cloudresourcemanager.googleapis.com/v1/projects/studio-3475781269-791d7:testIamPermissions [none]
[debug] [2025-09-13T02:24:45.571Z] >>> [apiv2][(partial)header] POST https://cloudresourcemanager.googleapis.com/v1/projects/studio-3475781269-791d7:testIamPermissions x-goog-quota-user=projects/studio-3475781269-791d7
[debug] [2025-09-13T02:24:45.571Z] >>> [apiv2][body] POST https://cloudresourcemanager.googleapis.com/v1/projects/studio-3475781269-791d7:testIamPermissions {"permissions":["datastore.indexes.create","datastore.indexes.delete","datastore.indexes.list","datastore.indexes.update","firebase.projects.get",null]}
[debug] [2025-09-13T02:24:46.514Z] <<< [apiv2][status] POST https://cloudresourcemanager.googleapis.com/v1/projects/studio-3475781269-791d7:testIamPermissions 200
[debug] [2025-09-13T02:24:46.514Z] <<< [apiv2][body] POST https://cloudresourcemanager.googleapis.com/v1/projects/studio-3475781269-791d7:testIamPermissions {"permissions":["datastore.indexes.create","datastore.indexes.delete","datastore.indexes.list","datastore.indexes.update","firebase.projects.get"]}
[debug] [2025-09-13T02:24:46.515Z] [iam] error while checking permissions, command may fail: Authorization failed. This account is missing the following required permissions on project studio-3475781269-791d7:

  
[info] 
[info] === Deploying to 'studio-3475781269-791d7'...
[info] 
[info] i  deploying firestore, apphosting 
[info] i  firestore: reading indexes from firestore.indexes.json... 
[info] i  cloud.firestore: checking firestore.rules for compilation errors... 
[debug] [2025-09-13T02:24:46.526Z] No OAuth tokens found
[debug] [2025-09-13T02:24:46.526Z] >>> [apiv2][query] POST https://firebaserules.googleapis.com/v1/projects/studio-3475781269-791d7:test [none]
[debug] [2025-09-13T02:24:46.527Z] >>> [apiv2][body] POST https://firebaserules.googleapis.com/v1/projects/studio-3475781269-791d7:test [omitted]
[debug] [2025-09-13T02:24:47.607Z] <<< [apiv2][status] POST https://firebaserules.googleapis.com/v1/projects/studio-3475781269-791d7:test 200
[debug] [2025-09-13T02:24:47.607Z] <<< [apiv2][body] POST https://firebaserules.googleapis.com/v1/projects/studio-3475781269-791d7:test {}
[info] ✔  cloud.firestore: rules file firestore.rules compiled successfully 
[debug] [2025-09-13T02:24:47.610Z] No OAuth tokens found
[debug] [2025-09-13T02:24:47.610Z] >>> [apiv2][query] GET https://serviceusage.googleapis.com/v1/projects/studio-3475781269-791d7/services/firebaseapphosting.googleapis.com [none]
[debug] [2025-09-13T02:24:47.610Z] >>> [apiv2][(partial)header] GET https://serviceusage.googleapis.com/v1/projects/studio-3475781269-791d7/services/firebaseapphosting.googleapis.com x-goog-quota-user=projects/studio-3475781269-791d7
[debug] [2025-09-13T02:24:48.845Z] <<< [apiv2][status] GET https://serviceusage.googleapis.com/v1/projects/studio-3475781269-791d7/services/firebaseapphosting.googleapis.com 200
[debug] [2025-09-13T02:24:48.846Z] <<< [apiv2][body] GET https://serviceusage.googleapis.com/v1/projects/studio-3475781269-791d7/services/firebaseapphosting.googleapis.com [omitted]
[debug] [2025-09-13T02:24:48.856Z] No OAuth tokens found
[debug] [2025-09-13T02:24:48.856Z] No OAuth tokens found
[debug] [2025-09-13T02:24:48.858Z] No OAuth tokens found
[debug] [2025-09-13T02:24:48.858Z] No OAuth tokens found
[debug] [2025-09-13T02:24:48.858Z] No OAuth tokens found
[debug] [2025-09-13T02:24:48.859Z] No OAuth tokens found
[debug] [2025-09-13T02:24:48.859Z] >>> [apiv2][query] GET https://serviceusage.googleapis.com/v1/projects/studio-3475781269-791d7/services/developerconnect.googleapis.com [none]
[debug] [2025-09-13T02:24:48.859Z] >>> [apiv2][(partial)header] GET https://serviceusage.googleapis.com/v1/projects/studio-3475781269-791d7/services/developerconnect.googleapis.com x-goog-quota-user=projects/studio-3475781269-791d7
[debug] [2025-09-13T02:24:48.859Z] >>> [apiv2][query] GET https://serviceusage.googleapis.com/v1/projects/studio-3475781269-791d7/services/cloudbuild.googleapis.com [none]
[debug] [2025-09-13T02:24:48.860Z] >>> [apiv2][(partial)header] GET https://serviceusage.googleapis.com/v1/projects/studio-3475781269-791d7/services/cloudbuild.googleapis.com x-goog-quota-user=projects/studio-3475781269-791d7
[debug] [2025-09-13T02:24:48.861Z] >>> [apiv2][query] GET https://serviceusage.googleapis.com/v1/projects/studio-3475781269-791d7/services/secretmanager.googleapis.com [none]
[debug] [2025-09-13T02:24:48.861Z] >>> [apiv2][(partial)header] GET https://serviceusage.googleapis.com/v1/projects/studio-3475781269-791d7/services/secretmanager.googleapis.com x-goog-quota-user=projects/studio-3475781269-791d7
[debug] [2025-09-13T02:24:48.862Z] >>> [apiv2][query] GET https://serviceusage.googleapis.com/v1/projects/studio-3475781269-791d7/services/run.googleapis.com [none]
[debug] [2025-09-13T02:24:48.862Z] >>> [apiv2][(partial)header] GET https://serviceusage.googleapis.com/v1/projects/studio-3475781269-791d7/services/run.googleapis.com x-goog-quota-user=projects/studio-3475781269-791d7
[debug] [2025-09-13T02:24:48.863Z] >>> [apiv2][query] GET https://serviceusage.googleapis.com/v1/projects/studio-3475781269-791d7/services/artifactregistry.googleapis.com [none]
[debug] [2025-09-13T02:24:48.863Z] >>> [apiv2][(partial)header] GET https://serviceusage.googleapis.com/v1/projects/studio-3475781269-791d7/services/artifactregistry.googleapis.com x-goog-quota-user=projects/studio-3475781269-791d7
[debug] [2025-09-13T02:24:48.864Z] >>> [apiv2][query] GET https://serviceusage.googleapis.com/v1/projects/studio-3475781269-791d7/services/iam.googleapis.com [none]
[debug] [2025-09-13T02:24:48.865Z] >>> [apiv2][(partial)header] GET https://serviceusage.googleapis.com/v1/projects/studio-3475781269-791d7/services/iam.googleapis.com x-goog-quota-user=projects/studio-3475781269-791d7
[debug] [2025-09-13T02:24:49.878Z] <<< [apiv2][status] GET https://serviceusage.googleapis.com/v1/projects/studio-3475781269-791d7/services/run.googleapis.com 200
[debug] [2025-09-13T02:24:49.878Z] <<< [apiv2][body] GET https://serviceusage.googleapis.com/v1/projects/studio-3475781269-791d7/services/run.googleapis.com [omitted]
[debug] [2025-09-13T02:24:49.899Z] <<< [apiv2][status] GET https://serviceusage.googleapis.com/v1/projects/studio-3475781269-791d7/services/developerconnect.googleapis.com 200
[debug] [2025-09-13T02:24:49.900Z] <<< [apiv2][body] GET https://serviceusage.googleapis.com/v1/projects/studio-3475781269-791d7/services/developerconnect.googleapis.com [omitted]
[debug] [2025-09-13T02:24:49.917Z] <<< [apiv2][status] GET https://serviceusage.googleapis.com/v1/projects/studio-3475781269-791d7/services/cloudbuild.googleapis.com 200
[debug] [2025-09-13T02:24:49.917Z] <<< [apiv2][body] GET https://serviceusage.googleapis.com/v1/projects/studio-3475781269-791d7/services/cloudbuild.googleapis.com [omitted]
[debug] [2025-09-13T02:24:49.934Z] <<< [apiv2][status] GET https://serviceusage.googleapis.com/v1/projects/studio-3475781269-791d7/services/iam.googleapis.com 200
[debug] [2025-09-13T02:24:49.935Z] <<< [apiv2][body] GET https://serviceusage.googleapis.com/v1/projects/studio-3475781269-791d7/services/iam.googleapis.com [omitted]
[debug] [2025-09-13T02:24:50.009Z] <<< [apiv2][status] GET https://serviceusage.googleapis.com/v1/projects/studio-3475781269-791d7/services/artifactregistry.googleapis.com 200
[debug] [2025-09-13T02:24:50.009Z] <<< [apiv2][body] GET https://serviceusage.googleapis.com/v1/projects/studio-3475781269-791d7/services/artifactregistry.googleapis.com [omitted]
[debug] [2025-09-13T02:24:50.030Z] <<< [apiv2][status] GET https://serviceusage.googleapis.com/v1/projects/studio-3475781269-791d7/services/secretmanager.googleapis.com 200
[debug] [2025-09-13T02:24:50.031Z] <<< [apiv2][body] GET https://serviceusage.googleapis.com/v1/projects/studio-3475781269-791d7/services/secretmanager.googleapis.com [omitted]
[debug] [2025-09-13T02:24:50.039Z] No OAuth tokens found
[debug] [2025-09-13T02:24:50.039Z] >>> [apiv2][query] POST https://iam.googleapis.com/v1/projects/studio-3475781269-791d7/serviceAccounts/firebase-app-hosting-compute@studio-3475781269-791d7.iam.gserviceaccount.com:testIamPermissions [none]
[debug] [2025-09-13T02:24:50.040Z] >>> [apiv2][(partial)header] POST https://iam.googleapis.com/v1/projects/studio-3475781269-791d7/serviceAccounts/firebase-app-hosting-compute@studio-3475781269-791d7.iam.gserviceaccount.com:testIamPermissions x-goog-quota-user=projects/studio-3475781269-791d7
[debug] [2025-09-13T02:24:50.041Z] >>> [apiv2][body] POST https://iam.googleapis.com/v1/projects/studio-3475781269-791d7/serviceAccounts/firebase-app-hosting-compute@studio-3475781269-791d7.iam.gserviceaccount.com:testIamPermissions {"permissions":["iam.serviceAccounts.actAs"]}
[debug] [2025-09-13T02:24:51.093Z] <<< [apiv2][status] POST https://iam.googleapis.com/v1/projects/studio-3475781269-791d7/serviceAccounts/firebase-app-hosting-compute@studio-3475781269-791d7.iam.gserviceaccount.com:testIamPermissions 200
[debug] [2025-09-13T02:24:51.093Z] <<< [apiv2][body] POST https://iam.googleapis.com/v1/projects/studio-3475781269-791d7/serviceAccounts/firebase-app-hosting-compute@studio-3475781269-791d7.iam.gserviceaccount.com:testIamPermissions {"permissions":["iam.serviceAccounts.actAs"]}
[debug] [2025-09-13T02:24:51.094Z] No OAuth tokens found
[debug] [2025-09-13T02:24:51.094Z] >>> [apiv2][query] POST https://iam.googleapis.com/v1/projects/studio-3475781269-791d7/serviceAccounts [none]
[debug] [2025-09-13T02:24:51.094Z] >>> [apiv2][body] POST https://iam.googleapis.com/v1/projects/studio-3475781269-791d7/serviceAccounts {"accountId":"firebase-app-hosting-compute","serviceAccount":{"displayName":"Firebase App Hosting compute service account","description":"Default service account used to run builds and deploys for Firebase App Hosting"}}
[debug] [2025-09-13T02:24:52.368Z] <<< [apiv2][status] POST https://iam.googleapis.com/v1/projects/studio-3475781269-791d7/serviceAccounts 409
[debug] [2025-09-13T02:24:52.368Z] <<< [apiv2][body] POST https://iam.googleapis.com/v1/projects/studio-3475781269-791d7/serviceAccounts [omitted]
[debug] [2025-09-13T02:24:52.370Z] No OAuth tokens found
[debug] [2025-09-13T02:24:52.370Z] >>> [apiv2][query] POST https://cloudresourcemanager.googleapis.com/v1/projects/studio-3475781269-791d7:getIamPolicy [none]
[debug] [2025-09-13T02:24:53.299Z] <<< [apiv2][status] POST https://cloudresourcemanager.googleapis.com/v1/projects/studio-3475781269-791d7:getIamPolicy 200
[debug] [2025-09-13T02:24:53.300Z] <<< [apiv2][body] POST https://cloudresourcemanager.googleapis.com/v1/projects/studio-3475781269-791d7:getIamPolicy {"version":1,"etag":"BwY+pVleN/Y=","bindings":[{"role":"roles/cloudbuild.builds.builder","members":["serviceAccount:373409497986@cloudbuild.gserviceaccount.com"]},{"role":"roles/cloudbuild.serviceAgent","members":["serviceAccount:service-373409497986@gcp-sa-cloudbuild.iam.gserviceaccount.com"]},{"role":"roles/containerregistry.ServiceAgent","members":["serviceAccount:service-373409497986@containerregistry.iam.gserviceaccount.com"]},{"role":"roles/developerconnect.readTokenAccessor","members":["serviceAccount:firebase-app-hosting-compute@studio-3475781269-791d7.iam.gserviceaccount.com"]},{"role":"roles/editor","members":["serviceAccount:373409497986-compute@developer.gserviceaccount.com"]},{"role":"roles/firebase.managementServiceAgent","members":["serviceAccount:service-373409497986@gcp-sa-firebase.iam.gserviceaccount.com"]},{"role":"roles/firebase.sdkAdminServiceAgent","members":["serviceAccount:firebase-adminsdk-fbsvc@studio-3475781269-791d7.iam.gserviceaccount.com","serviceAccount:firebase-app-hosting-compute@studio-3475781269-791d7.iam.gserviceaccount.com"]},{"role":"roles/firebaseapphosting.computeRunner","members":["serviceAccount:firebase-app-hosting-compute@studio-3475781269-791d7.iam.gserviceaccount.com"]},{"role":"roles/firebaseauth.admin","members":["serviceAccount:firebase-adminsdk-fbsvc@studio-3475781269-791d7.iam.gserviceaccount.com"]},{"role":"roles/firebaserules.system","members":["serviceAccount:service-373409497986@firebase-rules.iam.gserviceaccount.com"]},{"role":"roles/firestore.serviceAgent","members":["serviceAccount:service-373409497986@gcp-sa-firestore.iam.gserviceaccount.com"]},{"role":"roles/iam.serviceAccountTokenCreator","members":["serviceAccount:firebase-adminsdk-fbsvc@studio-3475781269-791d7.iam.gserviceaccount.com"]},{"role":"roles/owner","members":["user:jobelracines@gmail.com"]},{"role":"roles/run.serviceAgent","members":["serviceAccount:service-373409497986@serverless-robot-prod.iam.gserviceaccount.com"]},{"role":"roles/storage.objectViewer","members":["serviceAccount:firebase-app-hosting-compute@studio-3475781269-791d7.iam.gserviceaccount.com"]}]}
[debug] [2025-09-13T02:24:53.301Z] No OAuth tokens found
[debug] [2025-09-13T02:24:53.301Z] >>> [apiv2][query] POST https://cloudresourcemanager.googleapis.com/v1/projects/studio-3475781269-791d7:setIamPolicy [none]
[debug] [2025-09-13T02:24:53.301Z] >>> [apiv2][body] POST https://cloudresourcemanager.googleapis.com/v1/projects/studio-3475781269-791d7:setIamPolicy {"policy":{"version":1,"etag":"BwY+pVleN/Y=","bindings":[{"role":"roles/cloudbuild.builds.builder","members":["serviceAccount:373409497986@cloudbuild.gserviceaccount.com"]},{"role":"roles/cloudbuild.serviceAgent","members":["serviceAccount:service-373409497986@gcp-sa-cloudbuild.iam.gserviceaccount.com"]},{"role":"roles/containerregistry.ServiceAgent","members":["serviceAccount:service-373409497986@containerregistry.iam.gserviceaccount.com"]},{"role":"roles/developerconnect.readTokenAccessor","members":["serviceAccount:firebase-app-hosting-compute@studio-3475781269-791d7.iam.gserviceaccount.com"]},{"role":"roles/editor","members":["serviceAccount:373409497986-compute@developer.gserviceaccount.com"]},{"role":"roles/firebase.managementServiceAgent","members":["serviceAccount:service-373409497986@gcp-sa-firebase.iam.gserviceaccount.com"]},{"role":"roles/firebase.sdkAdminServiceAgent","members":["serviceAccount:firebase-adminsdk-fbsvc@studio-3475781269-791d7.iam.gserviceaccount.com","serviceAccount:firebase-app-hosting-compute@studio-3475781269-791d7.iam.gserviceaccount.com"]},{"role":"roles/firebaseapphosting.computeRunner","members":["serviceAccount:firebase-app-hosting-compute@studio-3475781269-791d7.iam.gserviceaccount.com"]},{"role":"roles/firebaseauth.admin","members":["serviceAccount:firebase-adminsdk-fbsvc@studio-3475781269-791d7.iam.gserviceaccount.com"]},{"role":"roles/firebaserules.system","members":["serviceAccount:service-373409497986@firebase-rules.iam.gserviceaccount.com"]},{"role":"roles/firestore.serviceAgent","members":["serviceAccount:service-373409497986@gcp-sa-firestore.iam.gserviceaccount.com"]},{"role":"roles/iam.serviceAccountTokenCreator","members":["serviceAccount:firebase-adminsdk-fbsvc@studio-3475781269-791d7.iam.gserviceaccount.com"]},{"role":"roles/owner","members":["user:jobelracines@gmail.com"]},{"role":"roles/run.serviceAgent","members":["serviceAccount:service-373409497986@serverless-robot-prod.iam.gserviceaccount.com"]},{"role":"roles/storage.objectViewer","members":["serviceAccount:firebase-app-hosting-compute@studio-3475781269-791d7.iam.gserviceaccount.com"]}]},"updateMask":"bindings"}
[debug] [2025-09-13T02:24:54.197Z] <<< [apiv2][status] POST https://cloudresourcemanager.googleapis.com/v1/projects/studio-3475781269-791d7:setIamPolicy 200
[debug] [2025-09-13T02:24:54.197Z] <<< [apiv2][body] POST https://cloudresourcemanager.googleapis.com/v1/projects/studio-3475781269-791d7:setIamPolicy {"version":1,"etag":"BwY+pXnKgTk=","bindings":[{"role":"roles/cloudbuild.builds.builder","members":["serviceAccount:373409497986@cloudbuild.gserviceaccount.com"]},{"role":"roles/cloudbuild.serviceAgent","members":["serviceAccount:service-373409497986@gcp-sa-cloudbuild.iam.gserviceaccount.com"]},{"role":"roles/containerregistry.ServiceAgent","members":["serviceAccount:service-373409497986@containerregistry.iam.gserviceaccount.com"]},{"role":"roles/developerconnect.readTokenAccessor","members":["serviceAccount:firebase-app-hosting-compute@studio-3475781269-791d7.iam.gserviceaccount.com"]},{"role":"roles/editor","members":["serviceAccount:373409497986-compute@developer.gserviceaccount.com"]},{"role":"roles/firebase.managementServiceAgent","members":["serviceAccount:service-373409497986@gcp-sa-firebase.iam.gserviceaccount.com"]},{"role":"roles/firebase.sdkAdminServiceAgent","members":["serviceAccount:firebase-adminsdk-fbsvc@studio-3475781269-791d7.iam.gserviceaccount.com","serviceAccount:firebase-app-hosting-compute@studio-3475781269-791d7.iam.gserviceaccount.com"]},{"role":"roles/firebaseapphosting.computeRunner","members":["serviceAccount:firebase-app-hosting-compute@studio-3475781269-791d7.iam.gserviceaccount.com"]},{"role":"roles/firebaseauth.admin","members":["serviceAccount:firebase-adminsdk-fbsvc@studio-3475781269-791d7.iam.gserviceaccount.com"]},{"role":"roles/firebaserules.system","members":["serviceAccount:service-373409497986@firebase-rules.iam.gserviceaccount.com"]},{"role":"roles/firestore.serviceAgent","members":["serviceAccount:service-373409497986@gcp-sa-firestore.iam.gserviceaccount.com"]},{"role":"roles/iam.serviceAccountTokenCreator","members":["serviceAccount:firebase-adminsdk-fbsvc@studio-3475781269-791d7.iam.gserviceaccount.com"]},{"role":"roles/owner","members":["user:jobelracines@gmail.com"]},{"role":"roles/run.serviceAgent","members":["serviceAccount:service-373409497986@serverless-robot-prod.iam.gserviceaccount.com"]},{"role":"roles/storage.objectViewer","members":["serviceAccount:firebase-app-hosting-compute@studio-3475781269-791d7.iam.gserviceaccount.com"]}]}
[debug] [2025-09-13T02:24:54.198Z] No OAuth tokens found
[debug] [2025-09-13T02:24:54.202Z] >>> [apiv2][query] GET https://firebaseapphosting.googleapis.com/v1beta/projects/studio-3475781269-791d7/locations/-/backends 
[debug] [2025-09-13T02:24:55.521Z] <<< [apiv2][status] GET https://firebaseapphosting.googleapis.com/v1beta/projects/studio-3475781269-791d7/locations/-/backends 200
[debug] [2025-09-13T02:24:55.521Z] <<< [apiv2][body] GET https://firebaseapphosting.googleapis.com/v1beta/projects/studio-3475781269-791d7/locations/-/backends {}
[warn] ⚠  apphosting: Skipping deployment of backend(s) . 
[debug] [2025-09-13T02:25:04.373Z] No OAuth tokens found
[debug] [2025-09-13T02:25:04.374Z] >>> [apiv2][query] GET https://firestore.googleapis.com/v1/projects/studio-3475781269-791d7/databases/(default) [none]
[debug] [2025-09-13T02:25:05.366Z] <<< [apiv2][status] GET https://firestore.googleapis.com/v1/projects/studio-3475781269-791d7/databases/(default) 200
[debug] [2025-09-13T02:25:05.367Z] <<< [apiv2][body] GET https://firestore.googleapis.com/v1/projects/studio-3475781269-791d7/databases/(default) {"name":"projects/studio-3475781269-791d7/databases/(default)","uid":"29d14953-c0d1-4ca0-9151-6aa7ecebfd1a","createTime":"2025-09-12T16:14:52.036535Z","updateTime":"2025-09-12T16:14:52.036535Z","locationId":"nam5","type":"FIRESTORE_NATIVE","concurrencyMode":"PESSIMISTIC","versionRetentionPeriod":"3600s","earliestVersionTime":"2025-09-13T01:25:05.289779Z","appEngineIntegrationMode":"DISABLED","keyPrefix":"s","pointInTimeRecoveryEnablement":"POINT_IN_TIME_RECOVERY_DISABLED","deleteProtectionState":"DELETE_PROTECTION_DISABLED","databaseEdition":"STANDARD","freeTier":true,"etag":"INzX1NPX1I8DMO7106TP048D"}
[debug] [2025-09-13T02:25:05.368Z] No OAuth tokens found
[debug] [2025-09-13T02:25:05.369Z] >>> [apiv2][query] GET https://firebaserules.googleapis.com/v1/projects/studio-3475781269-791d7/releases pageSize=10&pageToken=
